<?xml version="1.0" encoding="UTF-8"?>
<testsuite xmlns:xsi="http://www.w3.org/2001/XMLSchema-instance" xsi:noNamespaceSchemaLocation="https://maven.apache.org/surefire/maven-surefire-plugin/xsd/surefire-test-report-3.0.xsd" version="3.0" name="com.example.redis.service.ProductServiceTest" time="6.263" tests="4" errors="0" skipped="0" failures="0">
  <properties>
[...]
</properties>
  <testcase name="shouldDeleteProduct" classname="com.example.redis.service.ProductServiceTest" time="1.558">
    <system-out><![CDATA[15:35:08.804 [main] INFO org.springframework.test.context.support.AnnotationConfigContextLoaderUtils -- Could not detect default configuration classes for test class [com.example.redis.service.ProductServiceTest]: ProductServiceTest does not declare any static, non-private, non-final, nested classes annotated with @Configuration.
15:35:08.915 [main] INFO org.springframework.boot.test.context.SpringBootTestContextBootstrapper -- Found @SpringBootConfiguration com.example.redis.RedisApplication for test class com.example.redis.service.ProductServiceTest

  .   ____          _            __ _ _
 /\\ / ___'_ __ _ _(_)_ __  __ _ \ \ \ \
( ( )\___ | '_ | '_| | '_ \/ _` | \ \ \ \
 \\/  ___)| |_)| | | | | || (_| |  ) ) ) )
  '  |____| .__|_| |_|_| |_\__, | / / / /
 =========|_|==============|___/=/_/_/_/
 :: Spring Boot ::                (v3.2.1)

2025-12-16T15:35:09.287+03:00  WARN 36380 --- [spring-boot-redis-app] [           main] ory$DuplicateJsonObjectContextCustomizer : 

Found multiple occurrences of org.json.JSONObject on the class path:

	jar:file:/Users/imranbhat/.m2/repository/com/vaadin/external/google/android-json/0.0.20131108.vaadin1/android-json-0.0.20131108.vaadin1.jar!/org/json/JSONObject.class
	jar:file:/Users/imranbhat/.m2/repository/org/json/json/20231013/json-20231013.jar!/org/json/JSONObject.class

You may wish to exclude one of them to ensure predictable runtime behavior

2025-12-16T15:35:09.298+03:00  INFO 36380 --- [spring-boot-redis-app] [           main] c.e.redis.service.ProductServiceTest     : Starting ProductServiceTest using Java 25 with PID 36380 (started by imranbhat in /Users/imranbhat/arb/code/spring-boot-redis-app)
2025-12-16T15:35:09.298+03:00 DEBUG 36380 --- [spring-boot-redis-app] [           main] c.e.redis.service.ProductServiceTest     : Running with Spring Boot v3.2.1, Spring v6.1.2
2025-12-16T15:35:09.298+03:00  INFO 36380 --- [spring-boot-redis-app] [           main] c.e.redis.service.ProductServiceTest     : The following 1 profile is active: "test"
2025-12-16T15:35:10.877+03:00  INFO 36380 --- [spring-boot-redis-app] [           main] c.example.redis.service.ProductService   : Saving product to database: Laptop Pro
2025-12-16T15:35:11.054+03:00  INFO 36380 --- [spring-boot-redis-app] [           main] c.example.redis.service.ProductService   : Saving product to database: Wireless Mouse
2025-12-16T15:35:11.212+03:00  INFO 36380 --- [spring-boot-redis-app] [           main] c.example.redis.service.ProductService   : Saving product to database: USB-C Hub
2025-12-16T15:35:11.330+03:00  INFO 36380 --- [spring-boot-redis-app] [           main] com.example.redis.service.UserService    : Saving user to database: john.doe
2025-12-16T15:35:11.385+03:00  INFO 36380 --- [spring-boot-redis-app] [           main] com.example.redis.service.UserService    : Saving user to database: jane.smith
2025-12-16T15:35:12.702+03:00  INFO 36380 --- [spring-boot-redis-app] [           main] o.s.b.a.e.web.EndpointLinksResolver      : Exposing 4 endpoint(s) beneath base path '/actuator'
2025-12-16T15:35:12.764+03:00  INFO 36380 --- [spring-boot-redis-app] [           main] c.e.redis.service.ProductServiceTest     : Started ProductServiceTest in 3.717 seconds (process running for 4.687)
2025-12-16T15:35:13.418+03:00  INFO 36380 --- [spring-boot-redis-app] [           main] c.example.redis.service.ProductService   : Saving product to database: To Delete
2025-12-16T15:35:13.624+03:00  WARN 36380 --- [spring-boot-redis-app] [           main] c.e.r.config.CustomCacheErrorHandler     : Cache PUT error - cache: reference-data, key: product:4, error: Could not write JSON: Java 8 date/time type `java.time.LocalDateTime` not supported by default: add Module "com.fasterxml.jackson.datatype:jackson-datatype-jsr310" to enable handling (through reference chain: com.example.redis.model.Product["createdAt"])
2025-12-16T15:35:13.625+03:00  INFO 36380 --- [spring-boot-redis-app] [           main] c.example.redis.service.ProductService   : Deleting product 4 from database
2025-12-16T15:35:14.169+03:00  INFO 36380 --- [spring-boot-redis-app] [           main] c.example.redis.service.ProductService   : Cache MISS - Fetching product 4 from database
]]></system-out>
    <system-err><![CDATA[WARNING: A Java agent has been loaded dynamically (/Users/imranbhat/.m2/repository/net/bytebuddy/byte-buddy-agent/1.14.10/byte-buddy-agent-1.14.10.jar)
WARNING: If a serviceability tool is in use, please run with -XX:+EnableDynamicAgentLoading to hide this warning
WARNING: If a serviceability tool is not in use, please run with -Djdk.instrument.traceUsage for more information
WARNING: Dynamic loading of agents will be disallowed by default in a future release
]]></system-err>
  </testcase>
  <testcase name="shouldReturnProductById" classname="com.example.redis.service.ProductServiceTest" time="0.117">
    <system-out><![CDATA[2025-12-16T15:35:14.402+03:00  INFO 36380 --- [spring-boot-redis-app] [           main] c.example.redis.service.ProductService   : Cache MISS - Fetching product 1 from database
2025-12-16T15:35:14.511+03:00  WARN 36380 --- [spring-boot-redis-app] [           main] c.e.r.config.CustomCacheErrorHandler     : Cache PUT error - cache: reference-data, key: product:1, error: Could not write JSON: Java 8 date/time type `java.time.LocalDateTime` not supported by default: add Module "com.fasterxml.jackson.datatype:jackson-datatype-jsr310" to enable handling (through reference chain: com.example.redis.model.Product["createdAt"])
]]></system-out>
  </testcase>
  <testcase name="shouldReturnAllProducts" classname="com.example.redis.service.ProductServiceTest" time="0.174">
    <system-out><![CDATA[2025-12-16T15:35:14.517+03:00  INFO 36380 --- [spring-boot-redis-app] [           main] c.example.redis.service.ProductService   : Fetching all products from database
]]></system-out>
  </testcase>
  <testcase name="shouldSaveNewProduct" classname="com.example.redis.service.ProductServiceTest" time="0.209">
    <system-out><![CDATA[2025-12-16T15:35:14.692+03:00  INFO 36380 --- [spring-boot-redis-app] [           main] c.example.redis.service.ProductService   : Saving product to database: Test Product
2025-12-16T15:35:14.895+03:00  WARN 36380 --- [spring-boot-redis-app] [           main] c.e.r.config.CustomCacheErrorHandler     : Cache PUT error - cache: reference-data, key: product:5, error: Could not write JSON: Java 8 date/time type `java.time.LocalDateTime` not supported by default: add Module "com.fasterxml.jackson.datatype:jackson-datatype-jsr310" to enable handling (through reference chain: com.example.redis.model.Product["createdAt"])
]]></system-out>
  </testcase>
</testsuite>